2024-06-18T08:28:41+00:00 DEBUG POST: https://ads.tiktok.com/marketing_api/api/developer/app/create_auto_approve/

{"business_platform":"PROD","smb_id":"tt4b_woocommerce_6671453976f7ehttp327216255wp-admin","smb_name":"PROD","redirect_url":"http:\/\/3.27.216.255\/wp-admin\/"}
 ajax: no
2024-06-18T08:28:42+00:00 DEBUG Tt4b_Mapi_Class::create_open_source_app: Response: 

HTTP/1.1 200 OK
Content-Type: application/json
X-Tt-Logid: 2024061808284152732E271059212C6FEA,2024061808284152732E271059212C6FEA
Strict-Transport-Security: max-age=31536000; includeSubDomains
x-tt-trace-host: 010ee96bb1272ddc2435f5010258cb163eab27d43f76e952dcb3eaf1994ee14190d7165130958adc50fb09a41ee80fd6e2a9607bcd9ab70ddbd2626237af9204605c9a033eb2321c23e0f50aef0f0f26a06e874634a7fda99461a79cc2d4c4b6d99ebc2ed8d93679cbf8636b9233a4acb6
x-tt-trace-id: 00-24061808284152732E271059212C6FEA-728B6D756244F6F0-00
Server: TLB
Content-Encoding: gzip
Content-Length: 202
X-Origin-Response-Time: 151,23.54.124.206
X-Akamai-Request-ID: 7833c791.25d80748
Date: Tue, 18 Jun 2024 08:28:42 GMT
X-Cache: TCP_MISS from a60-254-143-212.deploy.akamaitechnologies.com (AkamaiGHost/11.5.2-56372494) (-)
Connection: close
Vary: Accept-Encoding
X-Cache-Remote: TCP_MISS from a23-54-124-206.deploy.akamaitechnologies.com (AkamaiGHost/11.5.2-56372494) (-)
x-tt-trace-tag: id=16;cdn-cache=miss;type=dyn
Server-Timing: cdn-cache; desc=MISS, edge; dur=608, origin; dur=151
Server-Timing: inner; dur=145
X-Parent-Response-Time: 753,60.254.143.212

{"code":0,"msg":"ok","data":{"app_secret":"a7cc47676581cf5de1a56af8248307d8247142fd","app_id":"7381757381241208849","external_data_key":"3ad18393-0ead-41b2-b409-02e571ea7d77","redirect_uri":"http:\/\/3.27.216.255\/wp-admin\/"}}
2024-06-18T09:27:10+00:00 DEBUG Tt4b_Pixel_Class::inject_view_content_event: hit ViewContent
2024-06-18T09:27:10+00:00 DEBUG Tt4b_Pixel_Class::inject_view_content_event: Missing option "access_token"
2024-06-18T09:27:53+00:00 DEBUG Tt4b_Pixel_Class::inject_add_to_cart_event: hit AddToCart
2024-06-18T09:27:53+00:00 DEBUG Tt4b_Pixel_Class::inject_add_to_cart_event: Missing option "access_token"
2024-06-18T09:27:53+00:00 DEBUG Tt4b_Pixel_Class::inject_view_content_event: hit ViewContent
2024-06-18T09:27:53+00:00 DEBUG Tt4b_Pixel_Class::inject_view_content_event: Missing option "access_token"
